ingestion_pipeline_steps.py----ingestion_pipeline_steps---2024-09-11 20:12:03,591---INFO---data_ingestion_pipeline---Hate_classification.LOGGERS.logging---Initializing  data ingestion pipeline steps
data_ingestion.py----data_ingestion---2024-09-11 20:12:03,591---INFO---ingest_data---Hate_classification.LOGGERS.logging---initialized Reading CSV from { self.path} 
data_ingestion.py----data_ingestion---2024-09-11 20:12:03,591---INFO---ingest_data---Hate_classification.LOGGERS.logging---initialized Reading CSV from { self.path} 
ingestion_pipeline_steps.py----ingestion_pipeline_steps---2024-09-11 20:12:03,636---INFO---data_ingestion_pipeline---Hate_classification.LOGGERS.logging---successfully finished data ingestion pipeline steps
ingestion_pipeline_steps.py----ingestion_pipeline_steps---2024-09-11 20:12:03,636---INFO---data_ingestion_pipeline---Hate_classification.LOGGERS.logging---successfully finished data ingestion pipeline steps
data_processing_pipeline.py----data_processing_pipeline---2024-09-11 20:12:03,662---INFO---data_processing_pipeline---Hate_classification.LOGGERS.logging---Initializing data processing pipeline 
data_processing_pipeline.py----data_processing_pipeline---2024-09-11 20:12:03,662---INFO---data_processing_pipeline---Hate_classification.LOGGERS.logging---Initializing data processing pipeline 
data_processing_pipeline.py----data_processing_pipeline---2024-09-11 20:12:03,662---INFO---data_processing_pipeline---Hate_classification.LOGGERS.logging---Initializing data processing pipeline 
data_processing.py----data_processing---2024-09-11 20:12:03,664---INFO---preprocess_data---Hate_classification.LOGGERS.logging---initializing the dropping of the columns
data_processing.py----data_processing---2024-09-11 20:12:03,664---INFO---preprocess_data---Hate_classification.LOGGERS.logging---initializing the dropping of the columns
data_processing.py----data_processing---2024-09-11 20:12:03,664---INFO---preprocess_data---Hate_classification.LOGGERS.logging---initializing the dropping of the columns
data_processing.py----data_processing---2024-09-11 20:12:03,664---INFO---preprocess_data---Hate_classification.LOGGERS.logging---initializing the dropping of the columns
data_processing.py----data_processing---2024-09-11 20:12:03,664---INFO---preprocess_data---Hate_classification.LOGGERS.logging---Columns available in DataFrame: ['Unnamed: 0', 'count', 'hate_speech', 'offensive_language', 'neither', 'class', 'tweet']
data_processing.py----data_processing---2024-09-11 20:12:03,664---INFO---preprocess_data---Hate_classification.LOGGERS.logging---Columns available in DataFrame: ['Unnamed: 0', 'count', 'hate_speech', 'offensive_language', 'neither', 'class', 'tweet']
data_processing.py----data_processing---2024-09-11 20:12:03,664---INFO---preprocess_data---Hate_classification.LOGGERS.logging---Columns available in DataFrame: ['Unnamed: 0', 'count', 'hate_speech', 'offensive_language', 'neither', 'class', 'tweet']
data_processing.py----data_processing---2024-09-11 20:12:03,664---INFO---preprocess_data---Hate_classification.LOGGERS.logging---Columns available in DataFrame: ['Unnamed: 0', 'count', 'hate_speech', 'offensive_language', 'neither', 'class', 'tweet']
data_processing.py----data_processing---2024-09-11 20:12:03,666---INFO---preprocess_data---Hate_classification.LOGGERS.logging---successfully dropped the columns
data_processing.py----data_processing---2024-09-11 20:12:03,666---INFO---preprocess_data---Hate_classification.LOGGERS.logging---successfully dropped the columns
data_processing.py----data_processing---2024-09-11 20:12:03,666---INFO---preprocess_data---Hate_classification.LOGGERS.logging---successfully dropped the columns
data_processing.py----data_processing---2024-09-11 20:12:03,666---INFO---preprocess_data---Hate_classification.LOGGERS.logging---successfully dropped the columns
data_processing_pipeline.py----data_processing_pipeline---2024-09-11 20:12:03,676---INFO---data_processing_pipeline---Hate_classification.LOGGERS.logging---dropped columns successfully
data_processing_pipeline.py----data_processing_pipeline---2024-09-11 20:12:03,676---INFO---data_processing_pipeline---Hate_classification.LOGGERS.logging---dropped columns successfully
data_processing_pipeline.py----data_processing_pipeline---2024-09-11 20:12:03,676---INFO---data_processing_pipeline---Hate_classification.LOGGERS.logging---dropped columns successfully
data_processing_pipeline.py----data_processing_pipeline---2024-09-11 20:12:03,676---INFO---data_processing_pipeline---Hate_classification.LOGGERS.logging---dropped columns successfully
data_processing.py----data_processing---2024-09-11 20:12:03,691---ERROR---preprocess_data---Hate_classification.LOGGERS.logging---there was an error while perfoming the normalization steps - Error: 'Logger' object is not callable has occurred in module: TypeError, line: 52, file: C:\Users\User\Desktop\nlp_text_class\Hate_classification\COMPONENTS\data_processing.py
data_processing.py----data_processing---2024-09-11 20:12:03,691---ERROR---preprocess_data---Hate_classification.LOGGERS.logging---there was an error while perfoming the normalization steps - Error: 'Logger' object is not callable has occurred in module: TypeError, line: 52, file: C:\Users\User\Desktop\nlp_text_class\Hate_classification\COMPONENTS\data_processing.py
data_processing.py----data_processing---2024-09-11 20:12:03,691---ERROR---preprocess_data---Hate_classification.LOGGERS.logging---there was an error while perfoming the normalization steps - Error: 'Logger' object is not callable has occurred in module: TypeError, line: 52, file: C:\Users\User\Desktop\nlp_text_class\Hate_classification\COMPONENTS\data_processing.py
data_processing.py----data_processing---2024-09-11 20:12:03,691---ERROR---preprocess_data---Hate_classification.LOGGERS.logging---there was an error while perfoming the normalization steps - Error: 'Logger' object is not callable has occurred in module: TypeError, line: 52, file: C:\Users\User\Desktop\nlp_text_class\Hate_classification\COMPONENTS\data_processing.py
data_processing.py----data_processing---2024-09-11 20:12:03,691---ERROR---preprocess_data---Hate_classification.LOGGERS.logging---there was an error while perfoming the normalization steps - Error: 'Logger' object is not callable has occurred in module: TypeError, line: 52, file: C:\Users\User\Desktop\nlp_text_class\Hate_classification\COMPONENTS\data_processing.py
data_processing_pipeline.py----data_processing_pipeline---2024-09-11 20:12:03,693---INFO---data_processing_pipeline---Hate_classification.LOGGERS.logging---Successfully done the normalization
data_processing_pipeline.py----data_processing_pipeline---2024-09-11 20:12:03,693---INFO---data_processing_pipeline---Hate_classification.LOGGERS.logging---Successfully done the normalization
data_processing_pipeline.py----data_processing_pipeline---2024-09-11 20:12:03,693---INFO---data_processing_pipeline---Hate_classification.LOGGERS.logging---Successfully done the normalization
data_processing_pipeline.py----data_processing_pipeline---2024-09-11 20:12:03,693---INFO---data_processing_pipeline---Hate_classification.LOGGERS.logging---Successfully done the normalization
data_processing_pipeline.py----data_processing_pipeline---2024-09-11 20:12:03,693---INFO---data_processing_pipeline---Hate_classification.LOGGERS.logging---Successfully done the normalization
