ingestion_pipeline_steps.py----ingestion_pipeline_steps---2024-09-11 20:34:45,359---INFO---data_ingestion_pipeline---Hate_classification.LOGGERS.logging---Initializing  data ingestion pipeline steps
data_ingestion.py----data_ingestion---2024-09-11 20:34:45,359---INFO---ingest_data---Hate_classification.LOGGERS.logging---initialized Reading CSV from { self.path} 
data_ingestion.py----data_ingestion---2024-09-11 20:34:45,359---INFO---ingest_data---Hate_classification.LOGGERS.logging---initialized Reading CSV from { self.path} 
ingestion_pipeline_steps.py----ingestion_pipeline_steps---2024-09-11 20:34:45,429---INFO---data_ingestion_pipeline---Hate_classification.LOGGERS.logging---successfully finished data ingestion pipeline steps
ingestion_pipeline_steps.py----ingestion_pipeline_steps---2024-09-11 20:34:45,429---INFO---data_ingestion_pipeline---Hate_classification.LOGGERS.logging---successfully finished data ingestion pipeline steps
data_processing_pipeline.py----data_processing_pipeline---2024-09-11 20:34:45,460---INFO---data_processing_pipeline---Hate_classification.LOGGERS.logging---Initializing data processing pipeline 
data_processing_pipeline.py----data_processing_pipeline---2024-09-11 20:34:45,460---INFO---data_processing_pipeline---Hate_classification.LOGGERS.logging---Initializing data processing pipeline 
data_processing_pipeline.py----data_processing_pipeline---2024-09-11 20:34:45,460---INFO---data_processing_pipeline---Hate_classification.LOGGERS.logging---Initializing data processing pipeline 
data_processing.py----data_processing---2024-09-11 20:34:45,461---INFO---preprocess_data---Hate_classification.LOGGERS.logging---initializing the dropping of the columns
data_processing.py----data_processing---2024-09-11 20:34:45,461---INFO---preprocess_data---Hate_classification.LOGGERS.logging---initializing the dropping of the columns
data_processing.py----data_processing---2024-09-11 20:34:45,461---INFO---preprocess_data---Hate_classification.LOGGERS.logging---initializing the dropping of the columns
data_processing.py----data_processing---2024-09-11 20:34:45,461---INFO---preprocess_data---Hate_classification.LOGGERS.logging---initializing the dropping of the columns
data_processing.py----data_processing---2024-09-11 20:34:45,462---INFO---preprocess_data---Hate_classification.LOGGERS.logging---Columns available in DataFrame: ['Unnamed: 0', 'count', 'hate_speech', 'offensive_language', 'neither', 'class', 'tweet']
data_processing.py----data_processing---2024-09-11 20:34:45,462---INFO---preprocess_data---Hate_classification.LOGGERS.logging---Columns available in DataFrame: ['Unnamed: 0', 'count', 'hate_speech', 'offensive_language', 'neither', 'class', 'tweet']
data_processing.py----data_processing---2024-09-11 20:34:45,462---INFO---preprocess_data---Hate_classification.LOGGERS.logging---Columns available in DataFrame: ['Unnamed: 0', 'count', 'hate_speech', 'offensive_language', 'neither', 'class', 'tweet']
data_processing.py----data_processing---2024-09-11 20:34:45,462---INFO---preprocess_data---Hate_classification.LOGGERS.logging---Columns available in DataFrame: ['Unnamed: 0', 'count', 'hate_speech', 'offensive_language', 'neither', 'class', 'tweet']
data_processing.py----data_processing---2024-09-11 20:34:45,464---INFO---preprocess_data---Hate_classification.LOGGERS.logging---successfully dropped the columns
data_processing.py----data_processing---2024-09-11 20:34:45,464---INFO---preprocess_data---Hate_classification.LOGGERS.logging---successfully dropped the columns
data_processing.py----data_processing---2024-09-11 20:34:45,464---INFO---preprocess_data---Hate_classification.LOGGERS.logging---successfully dropped the columns
data_processing.py----data_processing---2024-09-11 20:34:45,464---INFO---preprocess_data---Hate_classification.LOGGERS.logging---successfully dropped the columns
data_processing_pipeline.py----data_processing_pipeline---2024-09-11 20:34:45,472---INFO---data_processing_pipeline---Hate_classification.LOGGERS.logging---dropped columns successfully
data_processing_pipeline.py----data_processing_pipeline---2024-09-11 20:34:45,472---INFO---data_processing_pipeline---Hate_classification.LOGGERS.logging---dropped columns successfully
data_processing_pipeline.py----data_processing_pipeline---2024-09-11 20:34:45,472---INFO---data_processing_pipeline---Hate_classification.LOGGERS.logging---dropped columns successfully
data_processing_pipeline.py----data_processing_pipeline---2024-09-11 20:34:45,472---INFO---data_processing_pipeline---Hate_classification.LOGGERS.logging---dropped columns successfully
data_processing.py----data_processing---2024-09-11 20:34:45,488---INFO---lower_case---Hate_classification.LOGGERS.logging---Successfully applied the lowercase transformation to the column: tweet
data_processing.py----data_processing---2024-09-11 20:34:45,488---INFO---lower_case---Hate_classification.LOGGERS.logging---Successfully applied the lowercase transformation to the column: tweet
data_processing.py----data_processing---2024-09-11 20:34:45,488---INFO---lower_case---Hate_classification.LOGGERS.logging---Successfully applied the lowercase transformation to the column: tweet
data_processing.py----data_processing---2024-09-11 20:34:45,488---INFO---lower_case---Hate_classification.LOGGERS.logging---Successfully applied the lowercase transformation to the column: tweet
data_processing.py----data_processing---2024-09-11 20:34:45,488---INFO---lower_case---Hate_classification.LOGGERS.logging---Successfully applied the lowercase transformation to the column: tweet
data_processing.py----data_processing---2024-09-11 20:34:45,500---INFO---drop_punctuations---Hate_classification.LOGGERS.logging---started the drop_punctuations
data_processing.py----data_processing---2024-09-11 20:34:45,500---INFO---drop_punctuations---Hate_classification.LOGGERS.logging---started the drop_punctuations
data_processing.py----data_processing---2024-09-11 20:34:45,500---INFO---drop_punctuations---Hate_classification.LOGGERS.logging---started the drop_punctuations
data_processing.py----data_processing---2024-09-11 20:34:45,500---INFO---drop_punctuations---Hate_classification.LOGGERS.logging---started the drop_punctuations
data_processing.py----data_processing---2024-09-11 20:34:45,500---INFO---drop_punctuations---Hate_classification.LOGGERS.logging---started the drop_punctuations
data_processing.py----data_processing---2024-09-11 20:34:45,502---INFO---drop_punctuations---Hate_classification.LOGGERS.logging---error dropping punctuations and urls - Error: 'str' object has no attribute 'str' has occurred in module: AttributeError, line: 88, file: C:\Users\User\Desktop\nlp_text_class\Hate_classification\COMPONENTS\data_processing.py
data_processing.py----data_processing---2024-09-11 20:34:45,502---INFO---drop_punctuations---Hate_classification.LOGGERS.logging---error dropping punctuations and urls - Error: 'str' object has no attribute 'str' has occurred in module: AttributeError, line: 88, file: C:\Users\User\Desktop\nlp_text_class\Hate_classification\COMPONENTS\data_processing.py
data_processing.py----data_processing---2024-09-11 20:34:45,502---INFO---drop_punctuations---Hate_classification.LOGGERS.logging---error dropping punctuations and urls - Error: 'str' object has no attribute 'str' has occurred in module: AttributeError, line: 88, file: C:\Users\User\Desktop\nlp_text_class\Hate_classification\COMPONENTS\data_processing.py
data_processing.py----data_processing---2024-09-11 20:34:45,502---INFO---drop_punctuations---Hate_classification.LOGGERS.logging---error dropping punctuations and urls - Error: 'str' object has no attribute 'str' has occurred in module: AttributeError, line: 88, file: C:\Users\User\Desktop\nlp_text_class\Hate_classification\COMPONENTS\data_processing.py
data_processing.py----data_processing---2024-09-11 20:34:45,502---INFO---drop_punctuations---Hate_classification.LOGGERS.logging---error dropping punctuations and urls - Error: 'str' object has no attribute 'str' has occurred in module: AttributeError, line: 88, file: C:\Users\User\Desktop\nlp_text_class\Hate_classification\COMPONENTS\data_processing.py
data_processing.py----data_processing---2024-09-11 20:34:45,506---INFO---drop_stopwords---Hate_classification.LOGGERS.logging---drop_stopwords has been initialized
data_processing.py----data_processing---2024-09-11 20:34:45,506---INFO---drop_stopwords---Hate_classification.LOGGERS.logging---drop_stopwords has been initialized
data_processing.py----data_processing---2024-09-11 20:34:45,506---INFO---drop_stopwords---Hate_classification.LOGGERS.logging---drop_stopwords has been initialized
data_processing.py----data_processing---2024-09-11 20:34:45,506---INFO---drop_stopwords---Hate_classification.LOGGERS.logging---drop_stopwords has been initialized
data_processing.py----data_processing---2024-09-11 20:34:45,506---INFO---drop_stopwords---Hate_classification.LOGGERS.logging---drop_stopwords has been initialized
data_processing.py----data_processing---2024-09-11 20:34:45,508---ERROR---preprocess_data---Hate_classification.LOGGERS.logging---there was an error while perfoming the normalization steps - Error: 'str' object has no attribute 'dtype' has occurred in module: AttributeError, line: 54, file: C:\Users\User\Desktop\nlp_text_class\Hate_classification\COMPONENTS\data_processing.py
data_processing.py----data_processing---2024-09-11 20:34:45,508---ERROR---preprocess_data---Hate_classification.LOGGERS.logging---there was an error while perfoming the normalization steps - Error: 'str' object has no attribute 'dtype' has occurred in module: AttributeError, line: 54, file: C:\Users\User\Desktop\nlp_text_class\Hate_classification\COMPONENTS\data_processing.py
data_processing.py----data_processing---2024-09-11 20:34:45,508---ERROR---preprocess_data---Hate_classification.LOGGERS.logging---there was an error while perfoming the normalization steps - Error: 'str' object has no attribute 'dtype' has occurred in module: AttributeError, line: 54, file: C:\Users\User\Desktop\nlp_text_class\Hate_classification\COMPONENTS\data_processing.py
data_processing.py----data_processing---2024-09-11 20:34:45,508---ERROR---preprocess_data---Hate_classification.LOGGERS.logging---there was an error while perfoming the normalization steps - Error: 'str' object has no attribute 'dtype' has occurred in module: AttributeError, line: 54, file: C:\Users\User\Desktop\nlp_text_class\Hate_classification\COMPONENTS\data_processing.py
data_processing.py----data_processing---2024-09-11 20:34:45,508---ERROR---preprocess_data---Hate_classification.LOGGERS.logging---there was an error while perfoming the normalization steps - Error: 'str' object has no attribute 'dtype' has occurred in module: AttributeError, line: 54, file: C:\Users\User\Desktop\nlp_text_class\Hate_classification\COMPONENTS\data_processing.py
data_processing_pipeline.py----data_processing_pipeline---2024-09-11 20:34:45,510---INFO---data_processing_pipeline---Hate_classification.LOGGERS.logging---Successfully done the normalization
data_processing_pipeline.py----data_processing_pipeline---2024-09-11 20:34:45,510---INFO---data_processing_pipeline---Hate_classification.LOGGERS.logging---Successfully done the normalization
data_processing_pipeline.py----data_processing_pipeline---2024-09-11 20:34:45,510---INFO---data_processing_pipeline---Hate_classification.LOGGERS.logging---Successfully done the normalization
data_processing_pipeline.py----data_processing_pipeline---2024-09-11 20:34:45,510---INFO---data_processing_pipeline---Hate_classification.LOGGERS.logging---Successfully done the normalization
data_processing_pipeline.py----data_processing_pipeline---2024-09-11 20:34:45,510---INFO---data_processing_pipeline---Hate_classification.LOGGERS.logging---Successfully done the normalization
data_processing_pipeline.py----data_processing_pipeline---2024-09-11 20:34:45,510---ERROR---data_processing_pipeline---Hate_classification.LOGGERS.logging---Error occurred while processing data - Error: 'NoneType' object has no attribute 'head' has occurred in module: AttributeError, line: 34, file: C:\Users\User\Desktop\nlp_text_class\Hate_classification\PIPELINE\data_processing_pipeline.py
data_processing_pipeline.py----data_processing_pipeline---2024-09-11 20:34:45,510---ERROR---data_processing_pipeline---Hate_classification.LOGGERS.logging---Error occurred while processing data - Error: 'NoneType' object has no attribute 'head' has occurred in module: AttributeError, line: 34, file: C:\Users\User\Desktop\nlp_text_class\Hate_classification\PIPELINE\data_processing_pipeline.py
data_processing_pipeline.py----data_processing_pipeline---2024-09-11 20:34:45,510---ERROR---data_processing_pipeline---Hate_classification.LOGGERS.logging---Error occurred while processing data - Error: 'NoneType' object has no attribute 'head' has occurred in module: AttributeError, line: 34, file: C:\Users\User\Desktop\nlp_text_class\Hate_classification\PIPELINE\data_processing_pipeline.py
data_processing_pipeline.py----data_processing_pipeline---2024-09-11 20:34:45,510---ERROR---data_processing_pipeline---Hate_classification.LOGGERS.logging---Error occurred while processing data - Error: 'NoneType' object has no attribute 'head' has occurred in module: AttributeError, line: 34, file: C:\Users\User\Desktop\nlp_text_class\Hate_classification\PIPELINE\data_processing_pipeline.py
data_processing_pipeline.py----data_processing_pipeline---2024-09-11 20:34:45,510---ERROR---data_processing_pipeline---Hate_classification.LOGGERS.logging---Error occurred while processing data - Error: 'NoneType' object has no attribute 'head' has occurred in module: AttributeError, line: 34, file: C:\Users\User\Desktop\nlp_text_class\Hate_classification\PIPELINE\data_processing_pipeline.py
