ingestion_pipeline_steps.py----ingestion_pipeline_steps---2024-09-18 05:07:52,868---INFO---data_ingestion_pipeline---Hate_classification.LOGGERS.logging---Initializing  data ingestion pipeline steps
data_ingestion.py----data_ingestion---2024-09-18 05:07:52,868---INFO---ingest_data---Hate_classification.LOGGERS.logging---initialized Reading CSV from { self.path} 
data_ingestion.py----data_ingestion---2024-09-18 05:07:52,868---INFO---ingest_data---Hate_classification.LOGGERS.logging---initialized Reading CSV from { self.path} 
ingestion_pipeline_steps.py----ingestion_pipeline_steps---2024-09-18 05:07:52,929---INFO---data_ingestion_pipeline---Hate_classification.LOGGERS.logging---successfully finished data ingestion pipeline steps
ingestion_pipeline_steps.py----ingestion_pipeline_steps---2024-09-18 05:07:52,929---INFO---data_ingestion_pipeline---Hate_classification.LOGGERS.logging---successfully finished data ingestion pipeline steps
__init__.py----__init__---2024-09-18 05:07:52,970---INFO---reading_yaml_file---Hate_classification.LOGGERS.logging---programatically constructing the yaml file path
__init__.py----__init__---2024-09-18 05:07:52,970---INFO---reading_yaml_file---Hate_classification.LOGGERS.logging---programatically constructing the yaml file path
__init__.py----__init__---2024-09-18 05:07:52,970---INFO---reading_yaml_file---Hate_classification.LOGGERS.logging---programatically constructing the yaml file path
__init__.py----__init__---2024-09-18 05:07:52,970---INFO---reading_yaml_file---Hate_classification.LOGGERS.logging---programatically constructing the yaml file path
__init__.py----__init__---2024-09-18 05:07:52,970---INFO---reading_yaml_file---Hate_classification.LOGGERS.logging---Done with programatically constructing the yaml file path
__init__.py----__init__---2024-09-18 05:07:52,970---INFO---reading_yaml_file---Hate_classification.LOGGERS.logging---Done with programatically constructing the yaml file path
__init__.py----__init__---2024-09-18 05:07:52,970---INFO---reading_yaml_file---Hate_classification.LOGGERS.logging---Done with programatically constructing the yaml file path
__init__.py----__init__---2024-09-18 05:07:52,970---INFO---reading_yaml_file---Hate_classification.LOGGERS.logging---Done with programatically constructing the yaml file path
data_processing_pipeline.py----data_processing_pipeline---2024-09-18 05:07:52,974---INFO---data_processing_pipeline---Hate_classification.LOGGERS.logging---Config loaded successfully
data_processing_pipeline.py----data_processing_pipeline---2024-09-18 05:07:52,974---INFO---data_processing_pipeline---Hate_classification.LOGGERS.logging---Config loaded successfully
data_processing_pipeline.py----data_processing_pipeline---2024-09-18 05:07:52,974---INFO---data_processing_pipeline---Hate_classification.LOGGERS.logging---Config loaded successfully
data_processing_pipeline.py----data_processing_pipeline---2024-09-18 05:07:52,974---INFO---data_processing_pipeline---Hate_classification.LOGGERS.logging---Config loaded successfully
data_processing_pipeline.py----data_processing_pipeline---2024-09-18 05:07:52,974---INFO---data_processing_pipeline---Hate_classification.LOGGERS.logging---Initializing data processing pipeline 
data_processing_pipeline.py----data_processing_pipeline---2024-09-18 05:07:52,974---INFO---data_processing_pipeline---Hate_classification.LOGGERS.logging---Initializing data processing pipeline 
data_processing_pipeline.py----data_processing_pipeline---2024-09-18 05:07:52,974---INFO---data_processing_pipeline---Hate_classification.LOGGERS.logging---Initializing data processing pipeline 
data_processing_pipeline.py----data_processing_pipeline---2024-09-18 05:07:52,974---INFO---data_processing_pipeline---Hate_classification.LOGGERS.logging---Initializing data processing pipeline 
data_processing_pipeline.py----data_processing_pipeline---2024-09-18 05:07:52,974---ERROR---data_processing_pipeline---Hate_classification.LOGGERS.logging---error occurred while dropping columns - Error: Can't instantiate abstract class DropColumns with abstract method preprocess_self has occurred in module: TypeError, line: 41, file: C:\Users\User\Desktop\nlp_text_class\Hate_classification\PIPELINE\data_processing_pipeline.py
data_processing_pipeline.py----data_processing_pipeline---2024-09-18 05:07:52,974---ERROR---data_processing_pipeline---Hate_classification.LOGGERS.logging---error occurred while dropping columns - Error: Can't instantiate abstract class DropColumns with abstract method preprocess_self has occurred in module: TypeError, line: 41, file: C:\Users\User\Desktop\nlp_text_class\Hate_classification\PIPELINE\data_processing_pipeline.py
data_processing_pipeline.py----data_processing_pipeline---2024-09-18 05:07:52,974---ERROR---data_processing_pipeline---Hate_classification.LOGGERS.logging---error occurred while dropping columns - Error: Can't instantiate abstract class DropColumns with abstract method preprocess_self has occurred in module: TypeError, line: 41, file: C:\Users\User\Desktop\nlp_text_class\Hate_classification\PIPELINE\data_processing_pipeline.py
data_processing_pipeline.py----data_processing_pipeline---2024-09-18 05:07:52,974---ERROR---data_processing_pipeline---Hate_classification.LOGGERS.logging---error occurred while dropping columns - Error: Can't instantiate abstract class DropColumns with abstract method preprocess_self has occurred in module: TypeError, line: 41, file: C:\Users\User\Desktop\nlp_text_class\Hate_classification\PIPELINE\data_processing_pipeline.py
data_processing_pipeline.py----data_processing_pipeline---2024-09-18 05:07:52,976---ERROR---data_processing_pipeline---Hate_classification.LOGGERS.logging---error written from pipeline step - Error: Can't instantiate abstract class NormalizeData with abstract method preprocess_self has occurred in module: TypeError, line: 49, file: C:\Users\User\Desktop\nlp_text_class\Hate_classification\PIPELINE\data_processing_pipeline.py
data_processing_pipeline.py----data_processing_pipeline---2024-09-18 05:07:52,976---ERROR---data_processing_pipeline---Hate_classification.LOGGERS.logging---error written from pipeline step - Error: Can't instantiate abstract class NormalizeData with abstract method preprocess_self has occurred in module: TypeError, line: 49, file: C:\Users\User\Desktop\nlp_text_class\Hate_classification\PIPELINE\data_processing_pipeline.py
data_processing_pipeline.py----data_processing_pipeline---2024-09-18 05:07:52,976---ERROR---data_processing_pipeline---Hate_classification.LOGGERS.logging---error written from pipeline step - Error: Can't instantiate abstract class NormalizeData with abstract method preprocess_self has occurred in module: TypeError, line: 49, file: C:\Users\User\Desktop\nlp_text_class\Hate_classification\PIPELINE\data_processing_pipeline.py
data_processing_pipeline.py----data_processing_pipeline---2024-09-18 05:07:52,976---ERROR---data_processing_pipeline---Hate_classification.LOGGERS.logging---error written from pipeline step - Error: Can't instantiate abstract class NormalizeData with abstract method preprocess_self has occurred in module: TypeError, line: 49, file: C:\Users\User\Desktop\nlp_text_class\Hate_classification\PIPELINE\data_processing_pipeline.py
