ingestion_pipeline_steps.py----ingestion_pipeline_steps---2024-09-11 20:16:24,696---INFO---data_ingestion_pipeline---Hate_classification.LOGGERS.logging---Initializing  data ingestion pipeline steps
data_ingestion.py----data_ingestion---2024-09-11 20:16:24,696---INFO---ingest_data---Hate_classification.LOGGERS.logging---initialized Reading CSV from { self.path} 
data_ingestion.py----data_ingestion---2024-09-11 20:16:24,696---INFO---ingest_data---Hate_classification.LOGGERS.logging---initialized Reading CSV from { self.path} 
ingestion_pipeline_steps.py----ingestion_pipeline_steps---2024-09-11 20:16:24,741---INFO---data_ingestion_pipeline---Hate_classification.LOGGERS.logging---successfully finished data ingestion pipeline steps
ingestion_pipeline_steps.py----ingestion_pipeline_steps---2024-09-11 20:16:24,741---INFO---data_ingestion_pipeline---Hate_classification.LOGGERS.logging---successfully finished data ingestion pipeline steps
data_processing_pipeline.py----data_processing_pipeline---2024-09-11 20:16:24,770---INFO---data_processing_pipeline---Hate_classification.LOGGERS.logging---Initializing data processing pipeline 
data_processing_pipeline.py----data_processing_pipeline---2024-09-11 20:16:24,770---INFO---data_processing_pipeline---Hate_classification.LOGGERS.logging---Initializing data processing pipeline 
data_processing_pipeline.py----data_processing_pipeline---2024-09-11 20:16:24,770---INFO---data_processing_pipeline---Hate_classification.LOGGERS.logging---Initializing data processing pipeline 
data_processing.py----data_processing---2024-09-11 20:16:24,771---INFO---preprocess_data---Hate_classification.LOGGERS.logging---initializing the dropping of the columns
data_processing.py----data_processing---2024-09-11 20:16:24,771---INFO---preprocess_data---Hate_classification.LOGGERS.logging---initializing the dropping of the columns
data_processing.py----data_processing---2024-09-11 20:16:24,771---INFO---preprocess_data---Hate_classification.LOGGERS.logging---initializing the dropping of the columns
data_processing.py----data_processing---2024-09-11 20:16:24,771---INFO---preprocess_data---Hate_classification.LOGGERS.logging---initializing the dropping of the columns
data_processing.py----data_processing---2024-09-11 20:16:24,771---INFO---preprocess_data---Hate_classification.LOGGERS.logging---Columns available in DataFrame: ['Unnamed: 0', 'count', 'hate_speech', 'offensive_language', 'neither', 'class', 'tweet']
data_processing.py----data_processing---2024-09-11 20:16:24,771---INFO---preprocess_data---Hate_classification.LOGGERS.logging---Columns available in DataFrame: ['Unnamed: 0', 'count', 'hate_speech', 'offensive_language', 'neither', 'class', 'tweet']
data_processing.py----data_processing---2024-09-11 20:16:24,771---INFO---preprocess_data---Hate_classification.LOGGERS.logging---Columns available in DataFrame: ['Unnamed: 0', 'count', 'hate_speech', 'offensive_language', 'neither', 'class', 'tweet']
data_processing.py----data_processing---2024-09-11 20:16:24,771---INFO---preprocess_data---Hate_classification.LOGGERS.logging---Columns available in DataFrame: ['Unnamed: 0', 'count', 'hate_speech', 'offensive_language', 'neither', 'class', 'tweet']
data_processing.py----data_processing---2024-09-11 20:16:24,773---INFO---preprocess_data---Hate_classification.LOGGERS.logging---successfully dropped the columns
data_processing.py----data_processing---2024-09-11 20:16:24,773---INFO---preprocess_data---Hate_classification.LOGGERS.logging---successfully dropped the columns
data_processing.py----data_processing---2024-09-11 20:16:24,773---INFO---preprocess_data---Hate_classification.LOGGERS.logging---successfully dropped the columns
data_processing.py----data_processing---2024-09-11 20:16:24,773---INFO---preprocess_data---Hate_classification.LOGGERS.logging---successfully dropped the columns
data_processing_pipeline.py----data_processing_pipeline---2024-09-11 20:16:24,774---INFO---data_processing_pipeline---Hate_classification.LOGGERS.logging---dropped columns successfully
data_processing_pipeline.py----data_processing_pipeline---2024-09-11 20:16:24,774---INFO---data_processing_pipeline---Hate_classification.LOGGERS.logging---dropped columns successfully
data_processing_pipeline.py----data_processing_pipeline---2024-09-11 20:16:24,774---INFO---data_processing_pipeline---Hate_classification.LOGGERS.logging---dropped columns successfully
data_processing_pipeline.py----data_processing_pipeline---2024-09-11 20:16:24,774---INFO---data_processing_pipeline---Hate_classification.LOGGERS.logging---dropped columns successfully
data_processing_pipeline.py----data_processing_pipeline---2024-09-11 20:16:24,790---ERROR---data_processing_pipeline---Hate_classification.LOGGERS.logging---error written from pipeline step - Error: 'NormalizeData' object has no attribute 'loggerging' has occurred in module: AttributeError, line: 26, file: C:\Users\User\Desktop\nlp_text_class\Hate_classification\PIPELINE\data_processing_pipeline.py
data_processing_pipeline.py----data_processing_pipeline---2024-09-11 20:16:24,790---ERROR---data_processing_pipeline---Hate_classification.LOGGERS.logging---error written from pipeline step - Error: 'NormalizeData' object has no attribute 'loggerging' has occurred in module: AttributeError, line: 26, file: C:\Users\User\Desktop\nlp_text_class\Hate_classification\PIPELINE\data_processing_pipeline.py
data_processing_pipeline.py----data_processing_pipeline---2024-09-11 20:16:24,790---ERROR---data_processing_pipeline---Hate_classification.LOGGERS.logging---error written from pipeline step - Error: 'NormalizeData' object has no attribute 'loggerging' has occurred in module: AttributeError, line: 26, file: C:\Users\User\Desktop\nlp_text_class\Hate_classification\PIPELINE\data_processing_pipeline.py
data_processing_pipeline.py----data_processing_pipeline---2024-09-11 20:16:24,790---ERROR---data_processing_pipeline---Hate_classification.LOGGERS.logging---error written from pipeline step - Error: 'NormalizeData' object has no attribute 'loggerging' has occurred in module: AttributeError, line: 26, file: C:\Users\User\Desktop\nlp_text_class\Hate_classification\PIPELINE\data_processing_pipeline.py
data_processing_pipeline.py----data_processing_pipeline---2024-09-11 20:16:24,790---ERROR---data_processing_pipeline---Hate_classification.LOGGERS.logging---error written from pipeline step - Error: 'NormalizeData' object has no attribute 'loggerging' has occurred in module: AttributeError, line: 26, file: C:\Users\User\Desktop\nlp_text_class\Hate_classification\PIPELINE\data_processing_pipeline.py
