ingestion_pipeline_steps.py----ingestion_pipeline_steps---2024-09-11 21:15:34,075---INFO---data_ingestion_pipeline---Hate_classification.LOGGERS.logging---Initializing  data ingestion pipeline steps
data_ingestion.py----data_ingestion---2024-09-11 21:15:34,080---INFO---ingest_data---Hate_classification.LOGGERS.logging---initialized Reading CSV from { self.path} 
data_ingestion.py----data_ingestion---2024-09-11 21:15:34,080---INFO---ingest_data---Hate_classification.LOGGERS.logging---initialized Reading CSV from { self.path} 
ingestion_pipeline_steps.py----ingestion_pipeline_steps---2024-09-11 21:15:34,140---INFO---data_ingestion_pipeline---Hate_classification.LOGGERS.logging---successfully finished data ingestion pipeline steps
ingestion_pipeline_steps.py----ingestion_pipeline_steps---2024-09-11 21:15:34,140---INFO---data_ingestion_pipeline---Hate_classification.LOGGERS.logging---successfully finished data ingestion pipeline steps
data_processing_pipeline.py----data_processing_pipeline---2024-09-11 21:15:34,172---INFO---data_processing_pipeline---Hate_classification.LOGGERS.logging---Initializing data processing pipeline 
data_processing_pipeline.py----data_processing_pipeline---2024-09-11 21:15:34,172---INFO---data_processing_pipeline---Hate_classification.LOGGERS.logging---Initializing data processing pipeline 
data_processing_pipeline.py----data_processing_pipeline---2024-09-11 21:15:34,172---INFO---data_processing_pipeline---Hate_classification.LOGGERS.logging---Initializing data processing pipeline 
data_processing.py----data_processing---2024-09-11 21:15:34,174---INFO---preprocess_data---Hate_classification.LOGGERS.logging---initializing the dropping of the columns
data_processing.py----data_processing---2024-09-11 21:15:34,174---INFO---preprocess_data---Hate_classification.LOGGERS.logging---initializing the dropping of the columns
data_processing.py----data_processing---2024-09-11 21:15:34,174---INFO---preprocess_data---Hate_classification.LOGGERS.logging---initializing the dropping of the columns
data_processing.py----data_processing---2024-09-11 21:15:34,174---INFO---preprocess_data---Hate_classification.LOGGERS.logging---initializing the dropping of the columns
data_processing.py----data_processing---2024-09-11 21:15:34,175---INFO---preprocess_data---Hate_classification.LOGGERS.logging---Columns available in DataFrame: ['Unnamed: 0', 'count', 'hate_speech', 'offensive_language', 'neither', 'class', 'tweet']
data_processing.py----data_processing---2024-09-11 21:15:34,175---INFO---preprocess_data---Hate_classification.LOGGERS.logging---Columns available in DataFrame: ['Unnamed: 0', 'count', 'hate_speech', 'offensive_language', 'neither', 'class', 'tweet']
data_processing.py----data_processing---2024-09-11 21:15:34,175---INFO---preprocess_data---Hate_classification.LOGGERS.logging---Columns available in DataFrame: ['Unnamed: 0', 'count', 'hate_speech', 'offensive_language', 'neither', 'class', 'tweet']
data_processing.py----data_processing---2024-09-11 21:15:34,175---INFO---preprocess_data---Hate_classification.LOGGERS.logging---Columns available in DataFrame: ['Unnamed: 0', 'count', 'hate_speech', 'offensive_language', 'neither', 'class', 'tweet']
data_processing.py----data_processing---2024-09-11 21:15:34,178---INFO---preprocess_data---Hate_classification.LOGGERS.logging---successfully dropped the columns
data_processing.py----data_processing---2024-09-11 21:15:34,178---INFO---preprocess_data---Hate_classification.LOGGERS.logging---successfully dropped the columns
data_processing.py----data_processing---2024-09-11 21:15:34,178---INFO---preprocess_data---Hate_classification.LOGGERS.logging---successfully dropped the columns
data_processing.py----data_processing---2024-09-11 21:15:34,178---INFO---preprocess_data---Hate_classification.LOGGERS.logging---successfully dropped the columns
data_processing_pipeline.py----data_processing_pipeline---2024-09-11 21:15:34,189---INFO---data_processing_pipeline---Hate_classification.LOGGERS.logging---dropped columns successfully
data_processing_pipeline.py----data_processing_pipeline---2024-09-11 21:15:34,189---INFO---data_processing_pipeline---Hate_classification.LOGGERS.logging---dropped columns successfully
data_processing_pipeline.py----data_processing_pipeline---2024-09-11 21:15:34,189---INFO---data_processing_pipeline---Hate_classification.LOGGERS.logging---dropped columns successfully
data_processing_pipeline.py----data_processing_pipeline---2024-09-11 21:15:34,189---INFO---data_processing_pipeline---Hate_classification.LOGGERS.logging---dropped columns successfully
data_processing.py----data_processing---2024-09-11 21:15:34,213---INFO---lower_case---Hate_classification.LOGGERS.logging---Successfully applied the lowercase transformation to the column: tweet
data_processing.py----data_processing---2024-09-11 21:15:34,213---INFO---lower_case---Hate_classification.LOGGERS.logging---Successfully applied the lowercase transformation to the column: tweet
data_processing.py----data_processing---2024-09-11 21:15:34,213---INFO---lower_case---Hate_classification.LOGGERS.logging---Successfully applied the lowercase transformation to the column: tweet
data_processing.py----data_processing---2024-09-11 21:15:34,213---INFO---lower_case---Hate_classification.LOGGERS.logging---Successfully applied the lowercase transformation to the column: tweet
data_processing.py----data_processing---2024-09-11 21:15:34,213---INFO---lower_case---Hate_classification.LOGGERS.logging---Successfully applied the lowercase transformation to the column: tweet
data_processing.py----data_processing---2024-09-11 21:15:34,220---INFO---drop_punctuations---Hate_classification.LOGGERS.logging---started the drop_punctuations
data_processing.py----data_processing---2024-09-11 21:15:34,220---INFO---drop_punctuations---Hate_classification.LOGGERS.logging---started the drop_punctuations
data_processing.py----data_processing---2024-09-11 21:15:34,220---INFO---drop_punctuations---Hate_classification.LOGGERS.logging---started the drop_punctuations
data_processing.py----data_processing---2024-09-11 21:15:34,220---INFO---drop_punctuations---Hate_classification.LOGGERS.logging---started the drop_punctuations
data_processing.py----data_processing---2024-09-11 21:15:34,220---INFO---drop_punctuations---Hate_classification.LOGGERS.logging---started the drop_punctuations
data_processing.py----data_processing---2024-09-11 21:15:34,643---INFO---drop_punctuations---Hate_classification.LOGGERS.logging---Successfully dropped punctuations and URLs
data_processing.py----data_processing---2024-09-11 21:15:34,643---INFO---drop_punctuations---Hate_classification.LOGGERS.logging---Successfully dropped punctuations and URLs
data_processing.py----data_processing---2024-09-11 21:15:34,643---INFO---drop_punctuations---Hate_classification.LOGGERS.logging---Successfully dropped punctuations and URLs
data_processing.py----data_processing---2024-09-11 21:15:34,643---INFO---drop_punctuations---Hate_classification.LOGGERS.logging---Successfully dropped punctuations and URLs
data_processing.py----data_processing---2024-09-11 21:15:34,643---INFO---drop_punctuations---Hate_classification.LOGGERS.logging---Successfully dropped punctuations and URLs
data_processing.py----data_processing---2024-09-11 21:15:34,652---INFO---drop_stopwords---Hate_classification.LOGGERS.logging---drop_stopwords has been initialized
data_processing.py----data_processing---2024-09-11 21:15:34,652---INFO---drop_stopwords---Hate_classification.LOGGERS.logging---drop_stopwords has been initialized
data_processing.py----data_processing---2024-09-11 21:15:34,652---INFO---drop_stopwords---Hate_classification.LOGGERS.logging---drop_stopwords has been initialized
data_processing.py----data_processing---2024-09-11 21:15:34,652---INFO---drop_stopwords---Hate_classification.LOGGERS.logging---drop_stopwords has been initialized
data_processing.py----data_processing---2024-09-11 21:15:34,652---INFO---drop_stopwords---Hate_classification.LOGGERS.logging---drop_stopwords has been initialized
data_processing_pipeline.py----data_processing_pipeline---2024-09-11 21:16:20,987---INFO---data_processing_pipeline---Hate_classification.LOGGERS.logging---Successfully finished the normalization
data_processing_pipeline.py----data_processing_pipeline---2024-09-11 21:16:20,987---INFO---data_processing_pipeline---Hate_classification.LOGGERS.logging---Successfully finished the normalization
data_processing_pipeline.py----data_processing_pipeline---2024-09-11 21:16:20,987---INFO---data_processing_pipeline---Hate_classification.LOGGERS.logging---Successfully finished the normalization
data_processing_pipeline.py----data_processing_pipeline---2024-09-11 21:16:20,987---INFO---data_processing_pipeline---Hate_classification.LOGGERS.logging---Successfully finished the normalization
data_processing_pipeline.py----data_processing_pipeline---2024-09-11 21:16:20,987---INFO---data_processing_pipeline---Hate_classification.LOGGERS.logging---Successfully finished the normalization
data_processing_pipeline.py----data_processing_pipeline---2024-09-11 21:16:20,987---INFO---data_processing_pipeline---Hate_classification.LOGGERS.logging---successfully saved the data into the path
data_processing_pipeline.py----data_processing_pipeline---2024-09-11 21:16:20,987---INFO---data_processing_pipeline---Hate_classification.LOGGERS.logging---successfully saved the data into the path
data_processing_pipeline.py----data_processing_pipeline---2024-09-11 21:16:20,987---INFO---data_processing_pipeline---Hate_classification.LOGGERS.logging---successfully saved the data into the path
data_processing_pipeline.py----data_processing_pipeline---2024-09-11 21:16:20,987---INFO---data_processing_pipeline---Hate_classification.LOGGERS.logging---successfully saved the data into the path
data_processing_pipeline.py----data_processing_pipeline---2024-09-11 21:16:20,987---INFO---data_processing_pipeline---Hate_classification.LOGGERS.logging---successfully saved the data into the path
data_processing_pipeline.py----data_processing_pipeline---2024-09-11 21:16:20,988---ERROR---data_processing_pipeline---Hate_classification.LOGGERS.logging---error written from pipeline step - Error: 'NoneType' object has no attribute 'head' has occurred in module: AttributeError, line: 30, file: C:\Users\User\Desktop\nlp_text_class\Hate_classification\PIPELINE\data_processing_pipeline.py
data_processing_pipeline.py----data_processing_pipeline---2024-09-11 21:16:20,988---ERROR---data_processing_pipeline---Hate_classification.LOGGERS.logging---error written from pipeline step - Error: 'NoneType' object has no attribute 'head' has occurred in module: AttributeError, line: 30, file: C:\Users\User\Desktop\nlp_text_class\Hate_classification\PIPELINE\data_processing_pipeline.py
data_processing_pipeline.py----data_processing_pipeline---2024-09-11 21:16:20,988---ERROR---data_processing_pipeline---Hate_classification.LOGGERS.logging---error written from pipeline step - Error: 'NoneType' object has no attribute 'head' has occurred in module: AttributeError, line: 30, file: C:\Users\User\Desktop\nlp_text_class\Hate_classification\PIPELINE\data_processing_pipeline.py
data_processing_pipeline.py----data_processing_pipeline---2024-09-11 21:16:20,988---ERROR---data_processing_pipeline---Hate_classification.LOGGERS.logging---error written from pipeline step - Error: 'NoneType' object has no attribute 'head' has occurred in module: AttributeError, line: 30, file: C:\Users\User\Desktop\nlp_text_class\Hate_classification\PIPELINE\data_processing_pipeline.py
data_processing_pipeline.py----data_processing_pipeline---2024-09-11 21:16:20,988---ERROR---data_processing_pipeline---Hate_classification.LOGGERS.logging---error written from pipeline step - Error: 'NoneType' object has no attribute 'head' has occurred in module: AttributeError, line: 30, file: C:\Users\User\Desktop\nlp_text_class\Hate_classification\PIPELINE\data_processing_pipeline.py
