ingestion_pipeline_steps.py----ingestion_pipeline_steps---2024-10-13 11:53:19,368---INFO---data_ingestion_pipeline---Hate_classification.LOGGERS.logging---Initializing  data ingestion pipeline steps
data_ingestion.py----data_ingestion---2024-10-13 11:53:19,368---INFO---ingest_data---Hate_classification.LOGGERS.logging---initialized Reading CSV from { self.path} 
data_ingestion.py----data_ingestion---2024-10-13 11:53:19,368---INFO---ingest_data---Hate_classification.LOGGERS.logging---initialized Reading CSV from { self.path} 
ingestion_pipeline_steps.py----ingestion_pipeline_steps---2024-10-13 11:53:19,457---INFO---data_ingestion_pipeline---Hate_classification.LOGGERS.logging---successfully finished data ingestion pipeline steps
ingestion_pipeline_steps.py----ingestion_pipeline_steps---2024-10-13 11:53:19,457---INFO---data_ingestion_pipeline---Hate_classification.LOGGERS.logging---successfully finished data ingestion pipeline steps
__init__.py----__init__---2024-10-13 11:53:19,479---INFO---reading_yaml_file---Hate_classification.LOGGERS.logging---programatically constructing the yaml file path
__init__.py----__init__---2024-10-13 11:53:19,479---INFO---reading_yaml_file---Hate_classification.LOGGERS.logging---programatically constructing the yaml file path
__init__.py----__init__---2024-10-13 11:53:19,479---INFO---reading_yaml_file---Hate_classification.LOGGERS.logging---programatically constructing the yaml file path
__init__.py----__init__---2024-10-13 11:53:19,479---INFO---reading_yaml_file---Hate_classification.LOGGERS.logging---programatically constructing the yaml file path
__init__.py----__init__---2024-10-13 11:53:19,479---INFO---reading_yaml_file---Hate_classification.LOGGERS.logging---Done with programatically constructing the yaml file path
__init__.py----__init__---2024-10-13 11:53:19,479---INFO---reading_yaml_file---Hate_classification.LOGGERS.logging---Done with programatically constructing the yaml file path
__init__.py----__init__---2024-10-13 11:53:19,479---INFO---reading_yaml_file---Hate_classification.LOGGERS.logging---Done with programatically constructing the yaml file path
__init__.py----__init__---2024-10-13 11:53:19,479---INFO---reading_yaml_file---Hate_classification.LOGGERS.logging---Done with programatically constructing the yaml file path
data_processing_pipeline.py----data_processing_pipeline---2024-10-13 11:53:19,491---INFO---data_processing_pipeline---Hate_classification.LOGGERS.logging---Config loaded successfully
data_processing_pipeline.py----data_processing_pipeline---2024-10-13 11:53:19,491---INFO---data_processing_pipeline---Hate_classification.LOGGERS.logging---Config loaded successfully
data_processing_pipeline.py----data_processing_pipeline---2024-10-13 11:53:19,491---INFO---data_processing_pipeline---Hate_classification.LOGGERS.logging---Config loaded successfully
data_processing_pipeline.py----data_processing_pipeline---2024-10-13 11:53:19,491---INFO---data_processing_pipeline---Hate_classification.LOGGERS.logging---Config loaded successfully
data_processing_pipeline.py----data_processing_pipeline---2024-10-13 11:53:19,491---INFO---data_processing_pipeline---Hate_classification.LOGGERS.logging---Initializing data processing pipeline 
data_processing_pipeline.py----data_processing_pipeline---2024-10-13 11:53:19,491---INFO---data_processing_pipeline---Hate_classification.LOGGERS.logging---Initializing data processing pipeline 
data_processing_pipeline.py----data_processing_pipeline---2024-10-13 11:53:19,491---INFO---data_processing_pipeline---Hate_classification.LOGGERS.logging---Initializing data processing pipeline 
data_processing_pipeline.py----data_processing_pipeline---2024-10-13 11:53:19,491---INFO---data_processing_pipeline---Hate_classification.LOGGERS.logging---Initializing data processing pipeline 
data_processing.py----data_processing---2024-10-13 11:53:19,492---INFO---preprocess_data---Hate_classification.LOGGERS.logging---initializing the dropping of the columns
data_processing.py----data_processing---2024-10-13 11:53:19,492---INFO---preprocess_data---Hate_classification.LOGGERS.logging---initializing the dropping of the columns
data_processing.py----data_processing---2024-10-13 11:53:19,492---INFO---preprocess_data---Hate_classification.LOGGERS.logging---initializing the dropping of the columns
data_processing.py----data_processing---2024-10-13 11:53:19,492---INFO---preprocess_data---Hate_classification.LOGGERS.logging---initializing the dropping of the columns
data_processing.py----data_processing---2024-10-13 11:53:19,492---INFO---preprocess_data---Hate_classification.LOGGERS.logging---initializing the dropping of the columns
data_processing.py----data_processing---2024-10-13 11:53:19,493---INFO---preprocess_data---Hate_classification.LOGGERS.logging---Columns available in self.config.dataFrame: ['Unnamed: 0', 'count', 'hate_speech', 'offensive_language', 'neither', 'class', 'tweet']
data_processing.py----data_processing---2024-10-13 11:53:19,493---INFO---preprocess_data---Hate_classification.LOGGERS.logging---Columns available in self.config.dataFrame: ['Unnamed: 0', 'count', 'hate_speech', 'offensive_language', 'neither', 'class', 'tweet']
data_processing.py----data_processing---2024-10-13 11:53:19,493---INFO---preprocess_data---Hate_classification.LOGGERS.logging---Columns available in self.config.dataFrame: ['Unnamed: 0', 'count', 'hate_speech', 'offensive_language', 'neither', 'class', 'tweet']
data_processing.py----data_processing---2024-10-13 11:53:19,493---INFO---preprocess_data---Hate_classification.LOGGERS.logging---Columns available in self.config.dataFrame: ['Unnamed: 0', 'count', 'hate_speech', 'offensive_language', 'neither', 'class', 'tweet']
data_processing.py----data_processing---2024-10-13 11:53:19,493---INFO---preprocess_data---Hate_classification.LOGGERS.logging---Columns available in self.config.dataFrame: ['Unnamed: 0', 'count', 'hate_speech', 'offensive_language', 'neither', 'class', 'tweet']
data_processing.py----data_processing---2024-10-13 11:53:19,493---INFO---preprocess_data---Hate_classification.LOGGERS.logging---successfully dropped the columns
data_processing.py----data_processing---2024-10-13 11:53:19,493---INFO---preprocess_data---Hate_classification.LOGGERS.logging---successfully dropped the columns
data_processing.py----data_processing---2024-10-13 11:53:19,493---INFO---preprocess_data---Hate_classification.LOGGERS.logging---successfully dropped the columns
data_processing.py----data_processing---2024-10-13 11:53:19,493---INFO---preprocess_data---Hate_classification.LOGGERS.logging---successfully dropped the columns
data_processing.py----data_processing---2024-10-13 11:53:19,493---INFO---preprocess_data---Hate_classification.LOGGERS.logging---successfully dropped the columns
data_processing_pipeline.py----data_processing_pipeline---2024-10-13 11:53:19,501---INFO---data_processing_pipeline---Hate_classification.LOGGERS.logging---dropped columns successfully
data_processing_pipeline.py----data_processing_pipeline---2024-10-13 11:53:19,501---INFO---data_processing_pipeline---Hate_classification.LOGGERS.logging---dropped columns successfully
data_processing_pipeline.py----data_processing_pipeline---2024-10-13 11:53:19,501---INFO---data_processing_pipeline---Hate_classification.LOGGERS.logging---dropped columns successfully
data_processing_pipeline.py----data_processing_pipeline---2024-10-13 11:53:19,501---INFO---data_processing_pipeline---Hate_classification.LOGGERS.logging---dropped columns successfully
data_processing_pipeline.py----data_processing_pipeline---2024-10-13 11:53:19,501---INFO---data_processing_pipeline---Hate_classification.LOGGERS.logging---dropped columns successfully
data_processing.py----data_processing---2024-10-13 11:53:19,517---INFO---lower_case---Hate_classification.LOGGERS.logging---Successfully applied the lowercase transformation to the column: tweet
data_processing.py----data_processing---2024-10-13 11:53:19,517---INFO---lower_case---Hate_classification.LOGGERS.logging---Successfully applied the lowercase transformation to the column: tweet
data_processing.py----data_processing---2024-10-13 11:53:19,517---INFO---lower_case---Hate_classification.LOGGERS.logging---Successfully applied the lowercase transformation to the column: tweet
data_processing.py----data_processing---2024-10-13 11:53:19,517---INFO---lower_case---Hate_classification.LOGGERS.logging---Successfully applied the lowercase transformation to the column: tweet
data_processing.py----data_processing---2024-10-13 11:53:19,517---INFO---lower_case---Hate_classification.LOGGERS.logging---Successfully applied the lowercase transformation to the column: tweet
data_processing.py----data_processing---2024-10-13 11:53:19,517---INFO---lower_case---Hate_classification.LOGGERS.logging---Successfully applied the lowercase transformation to the column: tweet
data_processing.py----data_processing---2024-10-13 11:53:19,521---INFO---drop_punctuations---Hate_classification.LOGGERS.logging---started the drop_punctuations
data_processing.py----data_processing---2024-10-13 11:53:19,521---INFO---drop_punctuations---Hate_classification.LOGGERS.logging---started the drop_punctuations
data_processing.py----data_processing---2024-10-13 11:53:19,521---INFO---drop_punctuations---Hate_classification.LOGGERS.logging---started the drop_punctuations
data_processing.py----data_processing---2024-10-13 11:53:19,521---INFO---drop_punctuations---Hate_classification.LOGGERS.logging---started the drop_punctuations
data_processing.py----data_processing---2024-10-13 11:53:19,521---INFO---drop_punctuations---Hate_classification.LOGGERS.logging---started the drop_punctuations
data_processing.py----data_processing---2024-10-13 11:53:19,521---INFO---drop_punctuations---Hate_classification.LOGGERS.logging---started the drop_punctuations
data_processing.py----data_processing---2024-10-13 11:53:19,818---INFO---drop_punctuations---Hate_classification.LOGGERS.logging---Successfully dropped punctuations and URLs
data_processing.py----data_processing---2024-10-13 11:53:19,818---INFO---drop_punctuations---Hate_classification.LOGGERS.logging---Successfully dropped punctuations and URLs
data_processing.py----data_processing---2024-10-13 11:53:19,818---INFO---drop_punctuations---Hate_classification.LOGGERS.logging---Successfully dropped punctuations and URLs
data_processing.py----data_processing---2024-10-13 11:53:19,818---INFO---drop_punctuations---Hate_classification.LOGGERS.logging---Successfully dropped punctuations and URLs
data_processing.py----data_processing---2024-10-13 11:53:19,818---INFO---drop_punctuations---Hate_classification.LOGGERS.logging---Successfully dropped punctuations and URLs
data_processing.py----data_processing---2024-10-13 11:53:19,818---INFO---drop_punctuations---Hate_classification.LOGGERS.logging---Successfully dropped punctuations and URLs
data_processing.py----data_processing---2024-10-13 11:53:19,823---INFO---drop_stopwords---Hate_classification.LOGGERS.logging---drop_stopwords has been initialized
data_processing.py----data_processing---2024-10-13 11:53:19,823---INFO---drop_stopwords---Hate_classification.LOGGERS.logging---drop_stopwords has been initialized
data_processing.py----data_processing---2024-10-13 11:53:19,823---INFO---drop_stopwords---Hate_classification.LOGGERS.logging---drop_stopwords has been initialized
data_processing.py----data_processing---2024-10-13 11:53:19,823---INFO---drop_stopwords---Hate_classification.LOGGERS.logging---drop_stopwords has been initialized
data_processing.py----data_processing---2024-10-13 11:53:19,823---INFO---drop_stopwords---Hate_classification.LOGGERS.logging---drop_stopwords has been initialized
data_processing.py----data_processing---2024-10-13 11:53:19,823---INFO---drop_stopwords---Hate_classification.LOGGERS.logging---drop_stopwords has been initialized
data_processing_pipeline.py----data_processing_pipeline---2024-10-13 11:54:07,011---INFO---data_processing_pipeline---Hate_classification.LOGGERS.logging---Successfully finished the normalization
data_processing_pipeline.py----data_processing_pipeline---2024-10-13 11:54:07,011---INFO---data_processing_pipeline---Hate_classification.LOGGERS.logging---Successfully finished the normalization
data_processing_pipeline.py----data_processing_pipeline---2024-10-13 11:54:07,011---INFO---data_processing_pipeline---Hate_classification.LOGGERS.logging---Successfully finished the normalization
data_processing_pipeline.py----data_processing_pipeline---2024-10-13 11:54:07,011---INFO---data_processing_pipeline---Hate_classification.LOGGERS.logging---Successfully finished the normalization
data_processing_pipeline.py----data_processing_pipeline---2024-10-13 11:54:07,011---INFO---data_processing_pipeline---Hate_classification.LOGGERS.logging---Successfully finished the normalization
data_processing_pipeline.py----data_processing_pipeline---2024-10-13 11:54:07,011---INFO---data_processing_pipeline---Hate_classification.LOGGERS.logging---Successfully finished the normalization
data_processing_pipeline.py----data_processing_pipeline---2024-10-13 11:54:07,012---INFO---data_processing_pipeline---Hate_classification.LOGGERS.logging---successfully saved the data into the path
data_processing_pipeline.py----data_processing_pipeline---2024-10-13 11:54:07,012---INFO---data_processing_pipeline---Hate_classification.LOGGERS.logging---successfully saved the data into the path
data_processing_pipeline.py----data_processing_pipeline---2024-10-13 11:54:07,012---INFO---data_processing_pipeline---Hate_classification.LOGGERS.logging---successfully saved the data into the path
data_processing_pipeline.py----data_processing_pipeline---2024-10-13 11:54:07,012---INFO---data_processing_pipeline---Hate_classification.LOGGERS.logging---successfully saved the data into the path
data_processing_pipeline.py----data_processing_pipeline---2024-10-13 11:54:07,012---INFO---data_processing_pipeline---Hate_classification.LOGGERS.logging---successfully saved the data into the path
data_processing_pipeline.py----data_processing_pipeline---2024-10-13 11:54:07,012---INFO---data_processing_pipeline---Hate_classification.LOGGERS.logging---successfully saved the data into the path
__init__.py----__init__---2024-10-13 11:54:07,012---INFO---reading_yaml_file---Hate_classification.LOGGERS.logging---programatically constructing the yaml file path
__init__.py----__init__---2024-10-13 11:54:07,012---INFO---reading_yaml_file---Hate_classification.LOGGERS.logging---programatically constructing the yaml file path
__init__.py----__init__---2024-10-13 11:54:07,012---INFO---reading_yaml_file---Hate_classification.LOGGERS.logging---programatically constructing the yaml file path
__init__.py----__init__---2024-10-13 11:54:07,012---INFO---reading_yaml_file---Hate_classification.LOGGERS.logging---programatically constructing the yaml file path
__init__.py----__init__---2024-10-13 11:54:07,012---INFO---reading_yaml_file---Hate_classification.LOGGERS.logging---programatically constructing the yaml file path
__init__.py----__init__---2024-10-13 11:54:07,012---INFO---reading_yaml_file---Hate_classification.LOGGERS.logging---programatically constructing the yaml file path
__init__.py----__init__---2024-10-13 11:54:07,012---INFO---reading_yaml_file---Hate_classification.LOGGERS.logging---programatically constructing the yaml file path
__init__.py----__init__---2024-10-13 11:54:07,012---INFO---reading_yaml_file---Hate_classification.LOGGERS.logging---programatically constructing the yaml file path
__init__.py----__init__---2024-10-13 11:54:07,012---INFO---reading_yaml_file---Hate_classification.LOGGERS.logging---Done with programatically constructing the yaml file path
__init__.py----__init__---2024-10-13 11:54:07,012---INFO---reading_yaml_file---Hate_classification.LOGGERS.logging---Done with programatically constructing the yaml file path
__init__.py----__init__---2024-10-13 11:54:07,012---INFO---reading_yaml_file---Hate_classification.LOGGERS.logging---Done with programatically constructing the yaml file path
__init__.py----__init__---2024-10-13 11:54:07,012---INFO---reading_yaml_file---Hate_classification.LOGGERS.logging---Done with programatically constructing the yaml file path
__init__.py----__init__---2024-10-13 11:54:07,012---INFO---reading_yaml_file---Hate_classification.LOGGERS.logging---Done with programatically constructing the yaml file path
__init__.py----__init__---2024-10-13 11:54:07,012---INFO---reading_yaml_file---Hate_classification.LOGGERS.logging---Done with programatically constructing the yaml file path
__init__.py----__init__---2024-10-13 11:54:07,012---INFO---reading_yaml_file---Hate_classification.LOGGERS.logging---Done with programatically constructing the yaml file path
__init__.py----__init__---2024-10-13 11:54:07,012---INFO---reading_yaml_file---Hate_classification.LOGGERS.logging---Done with programatically constructing the yaml file path
feature_engineering_pipeline.py----feature_engineering_pipeline---2024-10-13 11:54:07,017---INFO---feature_engineering_pipeline---Hate_classification.LOGGERS.logging---starting the feature engineering pipeline
feature_engineering_pipeline.py----feature_engineering_pipeline---2024-10-13 11:54:07,017---INFO---feature_engineering_pipeline---Hate_classification.LOGGERS.logging---starting the feature engineering pipeline
feature_engineering_pipeline.py----feature_engineering_pipeline---2024-10-13 11:54:07,017---INFO---feature_engineering_pipeline---Hate_classification.LOGGERS.logging---starting the feature engineering pipeline
feature_engineering_pipeline.py----feature_engineering_pipeline---2024-10-13 11:54:07,017---INFO---feature_engineering_pipeline---Hate_classification.LOGGERS.logging---starting the feature engineering pipeline
feature_engineering_pipeline.py----feature_engineering_pipeline---2024-10-13 11:54:07,017---INFO---feature_engineering_pipeline---Hate_classification.LOGGERS.logging---starting the feature engineering pipeline
feature_engineering_pipeline.py----feature_engineering_pipeline---2024-10-13 11:54:07,017---INFO---feature_engineering_pipeline---Hate_classification.LOGGERS.logging---starting the feature engineering pipeline
feature_engineering_pipeline.py----feature_engineering_pipeline---2024-10-13 11:54:07,017---INFO---feature_engineering_pipeline---Hate_classification.LOGGERS.logging---starting the feature engineering pipeline
feature_engineering_pipeline.py----feature_engineering_pipeline---2024-10-13 11:54:07,017---INFO---feature_engineering_pipeline---Hate_classification.LOGGERS.logging---starting the feature engineering pipeline
feature_engineering_pipeline.py----feature_engineering_pipeline---2024-10-13 11:54:07,017---ERROR---feature_engineering_pipeline---Hate_classification.LOGGERS.logging---None - Error: type object 'NormalizeDataAttributes' has no attribute 'data',AttributeError ,line: 38,has occurred in module:  file: C:\Users\User\Desktop\nlp_text_class\Hate_classification\PIPELINE\feature_engineering_pipeline.py
feature_engineering_pipeline.py----feature_engineering_pipeline---2024-10-13 11:54:07,017---ERROR---feature_engineering_pipeline---Hate_classification.LOGGERS.logging---None - Error: type object 'NormalizeDataAttributes' has no attribute 'data',AttributeError ,line: 38,has occurred in module:  file: C:\Users\User\Desktop\nlp_text_class\Hate_classification\PIPELINE\feature_engineering_pipeline.py
feature_engineering_pipeline.py----feature_engineering_pipeline---2024-10-13 11:54:07,017---ERROR---feature_engineering_pipeline---Hate_classification.LOGGERS.logging---None - Error: type object 'NormalizeDataAttributes' has no attribute 'data',AttributeError ,line: 38,has occurred in module:  file: C:\Users\User\Desktop\nlp_text_class\Hate_classification\PIPELINE\feature_engineering_pipeline.py
feature_engineering_pipeline.py----feature_engineering_pipeline---2024-10-13 11:54:07,017---ERROR---feature_engineering_pipeline---Hate_classification.LOGGERS.logging---None - Error: type object 'NormalizeDataAttributes' has no attribute 'data',AttributeError ,line: 38,has occurred in module:  file: C:\Users\User\Desktop\nlp_text_class\Hate_classification\PIPELINE\feature_engineering_pipeline.py
feature_engineering_pipeline.py----feature_engineering_pipeline---2024-10-13 11:54:07,017---ERROR---feature_engineering_pipeline---Hate_classification.LOGGERS.logging---None - Error: type object 'NormalizeDataAttributes' has no attribute 'data',AttributeError ,line: 38,has occurred in module:  file: C:\Users\User\Desktop\nlp_text_class\Hate_classification\PIPELINE\feature_engineering_pipeline.py
feature_engineering_pipeline.py----feature_engineering_pipeline---2024-10-13 11:54:07,017---ERROR---feature_engineering_pipeline---Hate_classification.LOGGERS.logging---None - Error: type object 'NormalizeDataAttributes' has no attribute 'data',AttributeError ,line: 38,has occurred in module:  file: C:\Users\User\Desktop\nlp_text_class\Hate_classification\PIPELINE\feature_engineering_pipeline.py
feature_engineering_pipeline.py----feature_engineering_pipeline---2024-10-13 11:54:07,017---ERROR---feature_engineering_pipeline---Hate_classification.LOGGERS.logging---None - Error: type object 'NormalizeDataAttributes' has no attribute 'data',AttributeError ,line: 38,has occurred in module:  file: C:\Users\User\Desktop\nlp_text_class\Hate_classification\PIPELINE\feature_engineering_pipeline.py
feature_engineering_pipeline.py----feature_engineering_pipeline---2024-10-13 11:54:07,017---ERROR---feature_engineering_pipeline---Hate_classification.LOGGERS.logging---None - Error: type object 'NormalizeDataAttributes' has no attribute 'data',AttributeError ,line: 38,has occurred in module:  file: C:\Users\User\Desktop\nlp_text_class\Hate_classification\PIPELINE\feature_engineering_pipeline.py
feature_engineering_pipeline.py----feature_engineering_pipeline---2024-10-13 11:54:07,017---ERROR---feature_engineering_pipeline---Hate_classification.LOGGERS.logging---None - Error: type object 'NormalizeDataAttributes' has no attribute 'data',AttributeError ,line: 38,has occurred in module:  file: C:\Users\User\Desktop\nlp_text_class\Hate_classification\PIPELINE\feature_engineering_pipeline.py
feature_engineering_pipeline.py----feature_engineering_pipeline---2024-10-13 11:54:07,017---INFO---feature_engineering_pipeline---Hate_classification.LOGGERS.logging---starting the sequence to vector pipeline
feature_engineering_pipeline.py----feature_engineering_pipeline---2024-10-13 11:54:07,017---INFO---feature_engineering_pipeline---Hate_classification.LOGGERS.logging---starting the sequence to vector pipeline
feature_engineering_pipeline.py----feature_engineering_pipeline---2024-10-13 11:54:07,017---INFO---feature_engineering_pipeline---Hate_classification.LOGGERS.logging---starting the sequence to vector pipeline
feature_engineering_pipeline.py----feature_engineering_pipeline---2024-10-13 11:54:07,017---INFO---feature_engineering_pipeline---Hate_classification.LOGGERS.logging---starting the sequence to vector pipeline
feature_engineering_pipeline.py----feature_engineering_pipeline---2024-10-13 11:54:07,017---INFO---feature_engineering_pipeline---Hate_classification.LOGGERS.logging---starting the sequence to vector pipeline
feature_engineering_pipeline.py----feature_engineering_pipeline---2024-10-13 11:54:07,017---INFO---feature_engineering_pipeline---Hate_classification.LOGGERS.logging---starting the sequence to vector pipeline
feature_engineering_pipeline.py----feature_engineering_pipeline---2024-10-13 11:54:07,017---INFO---feature_engineering_pipeline---Hate_classification.LOGGERS.logging---starting the sequence to vector pipeline
feature_engineering_pipeline.py----feature_engineering_pipeline---2024-10-13 11:54:07,017---INFO---feature_engineering_pipeline---Hate_classification.LOGGERS.logging---starting the sequence to vector pipeline
feature_engineering_pipeline.py----feature_engineering_pipeline---2024-10-13 11:54:07,017---INFO---feature_engineering_pipeline---Hate_classification.LOGGERS.logging---starting the sequence to vector pipeline
feature_engineering_pipeline.py----feature_engineering_pipeline---2024-10-13 11:54:07,022---ERROR---feature_engineering_pipeline---Hate_classification.LOGGERS.logging---None - Error: Embedding_sequences.generate_word_embeddings() missing 1 required positional argument: 'input_dim',TypeError ,line: 54,has occurred in module:  file: C:\Users\User\Desktop\nlp_text_class\Hate_classification\PIPELINE\feature_engineering_pipeline.py
feature_engineering_pipeline.py----feature_engineering_pipeline---2024-10-13 11:54:07,022---ERROR---feature_engineering_pipeline---Hate_classification.LOGGERS.logging---None - Error: Embedding_sequences.generate_word_embeddings() missing 1 required positional argument: 'input_dim',TypeError ,line: 54,has occurred in module:  file: C:\Users\User\Desktop\nlp_text_class\Hate_classification\PIPELINE\feature_engineering_pipeline.py
feature_engineering_pipeline.py----feature_engineering_pipeline---2024-10-13 11:54:07,022---ERROR---feature_engineering_pipeline---Hate_classification.LOGGERS.logging---None - Error: Embedding_sequences.generate_word_embeddings() missing 1 required positional argument: 'input_dim',TypeError ,line: 54,has occurred in module:  file: C:\Users\User\Desktop\nlp_text_class\Hate_classification\PIPELINE\feature_engineering_pipeline.py
feature_engineering_pipeline.py----feature_engineering_pipeline---2024-10-13 11:54:07,022---ERROR---feature_engineering_pipeline---Hate_classification.LOGGERS.logging---None - Error: Embedding_sequences.generate_word_embeddings() missing 1 required positional argument: 'input_dim',TypeError ,line: 54,has occurred in module:  file: C:\Users\User\Desktop\nlp_text_class\Hate_classification\PIPELINE\feature_engineering_pipeline.py
feature_engineering_pipeline.py----feature_engineering_pipeline---2024-10-13 11:54:07,022---ERROR---feature_engineering_pipeline---Hate_classification.LOGGERS.logging---None - Error: Embedding_sequences.generate_word_embeddings() missing 1 required positional argument: 'input_dim',TypeError ,line: 54,has occurred in module:  file: C:\Users\User\Desktop\nlp_text_class\Hate_classification\PIPELINE\feature_engineering_pipeline.py
feature_engineering_pipeline.py----feature_engineering_pipeline---2024-10-13 11:54:07,022---ERROR---feature_engineering_pipeline---Hate_classification.LOGGERS.logging---None - Error: Embedding_sequences.generate_word_embeddings() missing 1 required positional argument: 'input_dim',TypeError ,line: 54,has occurred in module:  file: C:\Users\User\Desktop\nlp_text_class\Hate_classification\PIPELINE\feature_engineering_pipeline.py
feature_engineering_pipeline.py----feature_engineering_pipeline---2024-10-13 11:54:07,022---ERROR---feature_engineering_pipeline---Hate_classification.LOGGERS.logging---None - Error: Embedding_sequences.generate_word_embeddings() missing 1 required positional argument: 'input_dim',TypeError ,line: 54,has occurred in module:  file: C:\Users\User\Desktop\nlp_text_class\Hate_classification\PIPELINE\feature_engineering_pipeline.py
feature_engineering_pipeline.py----feature_engineering_pipeline---2024-10-13 11:54:07,022---ERROR---feature_engineering_pipeline---Hate_classification.LOGGERS.logging---None - Error: Embedding_sequences.generate_word_embeddings() missing 1 required positional argument: 'input_dim',TypeError ,line: 54,has occurred in module:  file: C:\Users\User\Desktop\nlp_text_class\Hate_classification\PIPELINE\feature_engineering_pipeline.py
feature_engineering_pipeline.py----feature_engineering_pipeline---2024-10-13 11:54:07,022---ERROR---feature_engineering_pipeline---Hate_classification.LOGGERS.logging---None - Error: Embedding_sequences.generate_word_embeddings() missing 1 required positional argument: 'input_dim',TypeError ,line: 54,has occurred in module:  file: C:\Users\User\Desktop\nlp_text_class\Hate_classification\PIPELINE\feature_engineering_pipeline.py
feature_engineering_pipeline.py----feature_engineering_pipeline---2024-10-13 11:54:07,022---ERROR---feature_engineering_pipeline---Hate_classification.LOGGERS.logging---None - Error: Embedding_sequences.generate_word_embeddings() missing 1 required positional argument: 'input_dim',TypeError ,line: 54,has occurred in module:  file: C:\Users\User\Desktop\nlp_text_class\Hate_classification\PIPELINE\feature_engineering_pipeline.py
